{"name": "test_03", "status": "failed", "statusDetails": {"message": "AssertionError: assert 1 == 2", "trace": "def test_03():\n        print('------------')\n        print('test03')\n>       assert 1 == 2\nE       assert 1 == 2\n\ntest_case03.py:19: AssertionError"}, "start": 1611063573508, "stop": 1611063573509, "uuid": "9e58a84f-817b-4c01-bab3-39b3b3bfaf56", "historyId": "aaeffdda95d4d34ff4d03238f03c8139", "testCaseId": "e69660cb497d57b4d0abb880f6116dec", "fullName": "test_case03#test_03", "labels": [{"name": "suite", "value": "test_case03"}, {"name": "host", "value": "DESKTOP-LTNMVII"}, {"name": "thread", "value": "18652-MainThread"}, {"name": "framework", "value": "pytest"}, {"name": "language", "value": "cpython3"}, {"name": "package", "value": "test_case03"}]}